[0.126s] DEBUG:colcon:Command line arguments: ['/usr/bin/colcon', 'build']
[0.126s] DEBUG:colcon:Parsed command line arguments: Namespace(log_base=None, log_level=None, verb_name='build', build_base='build', install_base='install', merge_install=False, symlink_install=False, test_result_base=None, continue_on_error=False, executor='parallel', parallel_workers=8, event_handlers=None, ignore_user_meta=False, metas=['./colcon.meta'], base_paths=['.'], packages_ignore=None, packages_ignore_regex=None, paths=None, packages_up_to=None, packages_up_to_regex=None, packages_above=None, packages_above_and_dependencies=None, packages_above_depth=None, packages_select_by_dep=None, packages_skip_by_dep=None, packages_skip_up_to=None, packages_select_build_failed=False, packages_skip_build_finished=False, packages_select_test_failures=False, packages_skip_test_passed=False, packages_select=None, packages_skip=None, packages_select_regex=None, packages_skip_regex=None, packages_start=None, packages_end=None, allow_overriding=[], cmake_args=None, cmake_target=None, cmake_target_skip_unavailable=False, cmake_clean_cache=False, cmake_clean_first=False, cmake_force_configure=False, ament_cmake_args=None, catkin_cmake_args=None, catkin_skip_building_tests=False, mixin_files=None, mixin=None, verb_parser=<colcon_mixin.mixin.mixin_argument.MixinArgumentDecorator object at 0x7d7f51d47400>, verb_extension=<colcon_core.verb.build.BuildVerb object at 0x7d7f51d46e90>, main=<bound method BuildVerb.main of <colcon_core.verb.build.BuildVerb object at 0x7d7f51d46e90>>, mixin_verb=('build',))
[0.319s] Level 1:colcon.colcon_core.package_discovery:discover_packages(colcon_meta) check parameters
[0.319s] Level 1:colcon.colcon_core.package_discovery:discover_packages(recursive) check parameters
[0.320s] Level 1:colcon.colcon_core.package_discovery:discover_packages(ignore) check parameters
[0.320s] Level 1:colcon.colcon_core.package_discovery:discover_packages(path) check parameters
[0.320s] Level 1:colcon.colcon_core.package_discovery:discover_packages(colcon_meta) discover
[0.320s] Level 1:colcon.colcon_core.package_discovery:discover_packages(recursive) discover
[0.320s] INFO:colcon.colcon_core.package_discovery:Crawling recursively for packages in '/home/yamaguchi-a/ros2_ws/src/state_and_feedback_publisher'
[0.320s] Level 1:colcon.colcon_core.package_identification:_identify(.) by extensions ['ignore', 'ignore_ament_install']
[0.320s] Level 1:colcon.colcon_core.package_identification:_identify(.) by extension 'ignore'
[0.320s] Level 1:colcon.colcon_core.package_identification:_identify(.) by extension 'ignore_ament_install'
[0.320s] Level 1:colcon.colcon_core.package_identification:_identify(.) by extensions ['colcon_pkg']
[0.320s] Level 1:colcon.colcon_core.package_identification:_identify(.) by extension 'colcon_pkg'
[0.320s] Level 1:colcon.colcon_core.package_identification:_identify(.) by extensions ['colcon_meta']
[0.320s] Level 1:colcon.colcon_core.package_identification:_identify(.) by extension 'colcon_meta'
[0.320s] Level 1:colcon.colcon_core.package_identification:_identify(.) by extensions ['ros']
[0.320s] Level 1:colcon.colcon_core.package_identification:_identify(.) by extension 'ros'
[0.335s] DEBUG:colcon.colcon_core.package_identification:Package '.' with type 'ros.ament_cmake' and name 'state_and_feedback_publisher'
[0.335s] Level 1:colcon.colcon_core.package_discovery:discover_packages(recursive) using defaults
[0.335s] Level 1:colcon.colcon_core.package_discovery:discover_packages(ignore) discover
[0.335s] Level 1:colcon.colcon_core.package_discovery:discover_packages(ignore) using defaults
[0.335s] Level 1:colcon.colcon_core.package_discovery:discover_packages(path) discover
[0.335s] Level 1:colcon.colcon_core.package_discovery:discover_packages(path) using defaults
[0.358s] Level 1:colcon.colcon_core.package_discovery:discover_packages(prefix_path) check parameters
[0.358s] Level 1:colcon.colcon_core.package_discovery:discover_packages(prefix_path) discover
[0.360s] DEBUG:colcon.colcon_installed_package_information.package_discovery:Found 3 installed packages in /home/yamaguchi-a/ros2_ws/install
[0.375s] DEBUG:colcon.colcon_installed_package_information.package_discovery:Found 389 installed packages in /opt/ros/humble
[0.378s] Level 1:colcon.colcon_core.package_discovery:discover_packages(prefix_path) using defaults
[0.434s] Level 5:colcon.colcon_core.verb:set package 'state_and_feedback_publisher' build argument 'cmake_args' from command line to 'None'
[0.434s] Level 5:colcon.colcon_core.verb:set package 'state_and_feedback_publisher' build argument 'cmake_target' from command line to 'None'
[0.434s] Level 5:colcon.colcon_core.verb:set package 'state_and_feedback_publisher' build argument 'cmake_target_skip_unavailable' from command line to 'False'
[0.434s] Level 5:colcon.colcon_core.verb:set package 'state_and_feedback_publisher' build argument 'cmake_clean_cache' from command line to 'False'
[0.434s] Level 5:colcon.colcon_core.verb:set package 'state_and_feedback_publisher' build argument 'cmake_clean_first' from command line to 'False'
[0.434s] Level 5:colcon.colcon_core.verb:set package 'state_and_feedback_publisher' build argument 'cmake_force_configure' from command line to 'False'
[0.434s] Level 5:colcon.colcon_core.verb:set package 'state_and_feedback_publisher' build argument 'ament_cmake_args' from command line to 'None'
[0.435s] Level 5:colcon.colcon_core.verb:set package 'state_and_feedback_publisher' build argument 'catkin_cmake_args' from command line to 'None'
[0.435s] Level 5:colcon.colcon_core.verb:set package 'state_and_feedback_publisher' build argument 'catkin_skip_building_tests' from command line to 'False'
[0.435s] DEBUG:colcon.colcon_core.verb:Building package 'state_and_feedback_publisher' with the following arguments: {'ament_cmake_args': None, 'build_base': '/home/yamaguchi-a/ros2_ws/src/state_and_feedback_publisher/build/state_and_feedback_publisher', 'catkin_cmake_args': None, 'catkin_skip_building_tests': False, 'cmake_args': None, 'cmake_clean_cache': False, 'cmake_clean_first': False, 'cmake_force_configure': False, 'cmake_target': None, 'cmake_target_skip_unavailable': False, 'install_base': '/home/yamaguchi-a/ros2_ws/src/state_and_feedback_publisher/install/state_and_feedback_publisher', 'merge_install': False, 'path': '/home/yamaguchi-a/ros2_ws/src/state_and_feedback_publisher', 'symlink_install': False, 'test_result_base': None}
[0.435s] INFO:colcon.colcon_core.executor:Executing jobs using 'parallel' executor
[0.436s] DEBUG:colcon.colcon_parallel_executor.executor.parallel:run_until_complete
[0.436s] INFO:colcon.colcon_ros.task.ament_cmake.build:Building ROS package in '/home/yamaguchi-a/ros2_ws/src/state_and_feedback_publisher' with build type 'ament_cmake'
[0.436s] INFO:colcon.colcon_cmake.task.cmake.build:Building CMake package in '/home/yamaguchi-a/ros2_ws/src/state_and_feedback_publisher'
[0.439s] INFO:colcon.colcon_core.plugin_system:Skipping extension 'colcon_core.shell.bat': Not used on non-Windows systems
[0.439s] INFO:colcon.colcon_core.shell:Skip shell extension 'powershell' for command environment: Not usable outside of PowerShell
[0.439s] DEBUG:colcon.colcon_core.shell:Skip shell extension 'dsv' for command environment
[0.448s] DEBUG:colcon.colcon_core.event_handler.log_command:Invoking command in '/home/yamaguchi-a/ros2_ws/src/state_and_feedback_publisher/build/state_and_feedback_publisher': CMAKE_PREFIX_PATH=${CMAKE_PREFIX_PATH}:/opt/ros/humble /usr/bin/cmake /home/yamaguchi-a/ros2_ws/src/state_and_feedback_publisher -DCMAKE_INSTALL_PREFIX=/home/yamaguchi-a/ros2_ws/src/state_and_feedback_publisher/install/state_and_feedback_publisher
[1.884s] DEBUG:colcon.colcon_core.event_handler.log_command:Invoked command in '/home/yamaguchi-a/ros2_ws/src/state_and_feedback_publisher/build/state_and_feedback_publisher' returned '0': CMAKE_PREFIX_PATH=${CMAKE_PREFIX_PATH}:/opt/ros/humble /usr/bin/cmake /home/yamaguchi-a/ros2_ws/src/state_and_feedback_publisher -DCMAKE_INSTALL_PREFIX=/home/yamaguchi-a/ros2_ws/src/state_and_feedback_publisher/install/state_and_feedback_publisher
[1.886s] DEBUG:colcon.colcon_core.event_handler.log_command:Invoking command in '/home/yamaguchi-a/ros2_ws/src/state_and_feedback_publisher/build/state_and_feedback_publisher': CMAKE_PREFIX_PATH=${CMAKE_PREFIX_PATH}:/opt/ros/humble /usr/bin/cmake --build /home/yamaguchi-a/ros2_ws/src/state_and_feedback_publisher/build/state_and_feedback_publisher -- -j8 -l8
[7.249s] DEBUG:colcon.colcon_core.event_handler.log_command:Invoked command in '/home/yamaguchi-a/ros2_ws/src/state_and_feedback_publisher/build/state_and_feedback_publisher' returned '0': CMAKE_PREFIX_PATH=${CMAKE_PREFIX_PATH}:/opt/ros/humble /usr/bin/cmake --build /home/yamaguchi-a/ros2_ws/src/state_and_feedback_publisher/build/state_and_feedback_publisher -- -j8 -l8
[7.288s] DEBUG:colcon.colcon_core.event_handler.log_command:Invoking command in '/home/yamaguchi-a/ros2_ws/src/state_and_feedback_publisher/build/state_and_feedback_publisher': CMAKE_PREFIX_PATH=${CMAKE_PREFIX_PATH}:/opt/ros/humble /usr/bin/cmake --install /home/yamaguchi-a/ros2_ws/src/state_and_feedback_publisher/build/state_and_feedback_publisher
[7.299s] Level 1:colcon.colcon_core.environment:create_environment_scripts_only(state_and_feedback_publisher)
[7.300s] DEBUG:colcon.colcon_core.event_handler.log_command:Invoked command in '/home/yamaguchi-a/ros2_ws/src/state_and_feedback_publisher/build/state_and_feedback_publisher' returned '0': CMAKE_PREFIX_PATH=${CMAKE_PREFIX_PATH}:/opt/ros/humble /usr/bin/cmake --install /home/yamaguchi-a/ros2_ws/src/state_and_feedback_publisher/build/state_and_feedback_publisher
[7.302s] Level 1:colcon.colcon_core.environment:checking '/home/yamaguchi-a/ros2_ws/src/state_and_feedback_publisher/install/state_and_feedback_publisher' for CMake module files
[7.303s] Level 1:colcon.colcon_core.environment:checking '/home/yamaguchi-a/ros2_ws/src/state_and_feedback_publisher/install/state_and_feedback_publisher' for CMake config files
[7.303s] Level 1:colcon.colcon_core.environment:checking '/home/yamaguchi-a/ros2_ws/src/state_and_feedback_publisher/install/state_and_feedback_publisher/lib'
[7.303s] Level 1:colcon.colcon_core.environment:checking '/home/yamaguchi-a/ros2_ws/src/state_and_feedback_publisher/install/state_and_feedback_publisher/bin'
[7.304s] Level 1:colcon.colcon_core.environment:checking '/home/yamaguchi-a/ros2_ws/src/state_and_feedback_publisher/install/state_and_feedback_publisher/lib/pkgconfig/state_and_feedback_publisher.pc'
[7.304s] Level 1:colcon.colcon_core.environment:checking '/home/yamaguchi-a/ros2_ws/src/state_and_feedback_publisher/install/state_and_feedback_publisher/lib/python3.10/site-packages'
[7.304s] Level 1:colcon.colcon_core.environment:checking '/home/yamaguchi-a/ros2_ws/src/state_and_feedback_publisher/install/state_and_feedback_publisher/bin'
[7.305s] INFO:colcon.colcon_core.shell:Creating package script '/home/yamaguchi-a/ros2_ws/src/state_and_feedback_publisher/install/state_and_feedback_publisher/share/state_and_feedback_publisher/package.ps1'
[7.305s] INFO:colcon.colcon_core.shell:Creating package descriptor '/home/yamaguchi-a/ros2_ws/src/state_and_feedback_publisher/install/state_and_feedback_publisher/share/state_and_feedback_publisher/package.dsv'
[7.306s] INFO:colcon.colcon_core.shell:Creating package script '/home/yamaguchi-a/ros2_ws/src/state_and_feedback_publisher/install/state_and_feedback_publisher/share/state_and_feedback_publisher/package.sh'
[7.306s] INFO:colcon.colcon_core.shell:Creating package script '/home/yamaguchi-a/ros2_ws/src/state_and_feedback_publisher/install/state_and_feedback_publisher/share/state_and_feedback_publisher/package.bash'
[7.307s] INFO:colcon.colcon_core.shell:Creating package script '/home/yamaguchi-a/ros2_ws/src/state_and_feedback_publisher/install/state_and_feedback_publisher/share/state_and_feedback_publisher/package.zsh'
[7.308s] Level 1:colcon.colcon_core.environment:create_file_with_runtime_dependencies(/home/yamaguchi-a/ros2_ws/src/state_and_feedback_publisher/install/state_and_feedback_publisher/share/colcon-core/packages/state_and_feedback_publisher)
[7.334s] Level 1:colcon.colcon_core.environment:create_environment_scripts_only(state_and_feedback_publisher)
[7.334s] Level 1:colcon.colcon_core.environment:checking '/home/yamaguchi-a/ros2_ws/src/state_and_feedback_publisher/install/state_and_feedback_publisher' for CMake module files
[7.334s] Level 1:colcon.colcon_core.environment:checking '/home/yamaguchi-a/ros2_ws/src/state_and_feedback_publisher/install/state_and_feedback_publisher' for CMake config files
[7.335s] Level 1:colcon.colcon_core.environment:checking '/home/yamaguchi-a/ros2_ws/src/state_and_feedback_publisher/install/state_and_feedback_publisher/lib'
[7.335s] Level 1:colcon.colcon_core.environment:checking '/home/yamaguchi-a/ros2_ws/src/state_and_feedback_publisher/install/state_and_feedback_publisher/bin'
[7.335s] Level 1:colcon.colcon_core.environment:checking '/home/yamaguchi-a/ros2_ws/src/state_and_feedback_publisher/install/state_and_feedback_publisher/lib/pkgconfig/state_and_feedback_publisher.pc'
[7.335s] Level 1:colcon.colcon_core.environment:checking '/home/yamaguchi-a/ros2_ws/src/state_and_feedback_publisher/install/state_and_feedback_publisher/lib/python3.10/site-packages'
[7.335s] Level 1:colcon.colcon_core.environment:checking '/home/yamaguchi-a/ros2_ws/src/state_and_feedback_publisher/install/state_and_feedback_publisher/bin'
[7.336s] INFO:colcon.colcon_core.shell:Creating package script '/home/yamaguchi-a/ros2_ws/src/state_and_feedback_publisher/install/state_and_feedback_publisher/share/state_and_feedback_publisher/package.ps1'
[7.336s] INFO:colcon.colcon_core.shell:Creating package descriptor '/home/yamaguchi-a/ros2_ws/src/state_and_feedback_publisher/install/state_and_feedback_publisher/share/state_and_feedback_publisher/package.dsv'
[7.337s] INFO:colcon.colcon_core.shell:Creating package script '/home/yamaguchi-a/ros2_ws/src/state_and_feedback_publisher/install/state_and_feedback_publisher/share/state_and_feedback_publisher/package.sh'
[7.337s] INFO:colcon.colcon_core.shell:Creating package script '/home/yamaguchi-a/ros2_ws/src/state_and_feedback_publisher/install/state_and_feedback_publisher/share/state_and_feedback_publisher/package.bash'
[7.337s] INFO:colcon.colcon_core.shell:Creating package script '/home/yamaguchi-a/ros2_ws/src/state_and_feedback_publisher/install/state_and_feedback_publisher/share/state_and_feedback_publisher/package.zsh'
[7.338s] Level 1:colcon.colcon_core.environment:create_file_with_runtime_dependencies(/home/yamaguchi-a/ros2_ws/src/state_and_feedback_publisher/install/state_and_feedback_publisher/share/colcon-core/packages/state_and_feedback_publisher)
[7.338s] DEBUG:colcon.colcon_parallel_executor.executor.parallel:closing loop
[7.338s] DEBUG:colcon.colcon_parallel_executor.executor.parallel:loop closed
[7.339s] DEBUG:colcon.colcon_parallel_executor.executor.parallel:run_until_complete finished with '0'
[7.339s] DEBUG:colcon.colcon_core.event_reactor:joining thread
[7.344s] INFO:colcon.colcon_core.plugin_system:Skipping extension 'colcon_notification.desktop_notification.terminal_notifier': Not used on non-Darwin systems
[7.344s] INFO:colcon.colcon_core.plugin_system:Skipping extension 'colcon_notification.desktop_notification.win32': Not used on non-Windows systems
[7.344s] INFO:colcon.colcon_notification.desktop_notification:Sending desktop notification using 'notify2'
[7.357s] DEBUG:colcon.colcon_core.event_reactor:joined thread
[7.357s] INFO:colcon.colcon_core.shell:Creating prefix script '/home/yamaguchi-a/ros2_ws/src/state_and_feedback_publisher/install/local_setup.ps1'
[7.358s] INFO:colcon.colcon_core.shell:Creating prefix util module '/home/yamaguchi-a/ros2_ws/src/state_and_feedback_publisher/install/_local_setup_util_ps1.py'
[7.360s] INFO:colcon.colcon_core.shell:Creating prefix chain script '/home/yamaguchi-a/ros2_ws/src/state_and_feedback_publisher/install/setup.ps1'
[7.361s] INFO:colcon.colcon_core.shell:Creating prefix script '/home/yamaguchi-a/ros2_ws/src/state_and_feedback_publisher/install/local_setup.sh'
[7.362s] INFO:colcon.colcon_core.shell:Creating prefix util module '/home/yamaguchi-a/ros2_ws/src/state_and_feedback_publisher/install/_local_setup_util_sh.py'
[7.363s] INFO:colcon.colcon_core.shell:Creating prefix chain script '/home/yamaguchi-a/ros2_ws/src/state_and_feedback_publisher/install/setup.sh'
[7.364s] INFO:colcon.colcon_core.shell:Creating prefix script '/home/yamaguchi-a/ros2_ws/src/state_and_feedback_publisher/install/local_setup.bash'
[7.365s] INFO:colcon.colcon_core.shell:Creating prefix chain script '/home/yamaguchi-a/ros2_ws/src/state_and_feedback_publisher/install/setup.bash'
[7.366s] INFO:colcon.colcon_core.shell:Creating prefix script '/home/yamaguchi-a/ros2_ws/src/state_and_feedback_publisher/install/local_setup.zsh'
[7.366s] INFO:colcon.colcon_core.shell:Creating prefix chain script '/home/yamaguchi-a/ros2_ws/src/state_and_feedback_publisher/install/setup.zsh'
